CRITICAL - 2026-04-21 08:13:25 --> ErrorException: Constant FCPATH already defined
[Method: GET, Route: /]
in APPPATH\Views\welcome_message.php on line 33.
 1 [internal function]: CodeIgniter\Debug\Exceptions->errorHandler(2, 'Constant FCPATH already defined', 'C:\\xampp\\htdocs\\Latihan_qgis\\app\\Views\\welcome_message.php', 33)
 2 APPPATH\Views\welcome_message.php(33): define('FCPATH', 'C:\\xampp\\htdocs\\Latihan_qgis\\app\\Views\\')
 3 SYSTEMPATH\View\View.php(240): include('C:\\xampp\\htdocs\\Latihan_qgis\\app\\Views\\welcome_message.php')
 4 SYSTEMPATH\View\View.php(243): CodeIgniter\View\View->CodeIgniter\View\{closure}()
 5 SYSTEMPATH\Common.php(1250): CodeIgniter\View\View->render('welcome_message', [], true)
 6 APPPATH\Controllers\Home.php(9): view('welcome_message')
 7 SYSTEMPATH\CodeIgniter.php(951): App\Controllers\Home->index()
 8 SYSTEMPATH\CodeIgniter.php(497): CodeIgniter\CodeIgniter->runController(Object(App\Controllers\Home))
 9 SYSTEMPATH\CodeIgniter.php(340): CodeIgniter\CodeIgniter->handleRequest(null, Object(Config\Cache), false)
10 SYSTEMPATH\Boot.php(417): CodeIgniter\CodeIgniter->run()
11 SYSTEMPATH\Boot.php(68): CodeIgniter\Boot::runCodeIgniter(Object(CodeIgniter\CodeIgniter))
12 FCPATH\index.php(59): CodeIgniter\Boot::bootWeb(Object(Config\Paths))
13 SYSTEMPATH\rewrite.php(44): require_once('C:\\xampp\\htdocs\\Latihan_qgis\\public\\index.php')
CRITICAL - 2026-04-21 08:15:22 --> ErrorException: Constant FCPATH already defined
[Method: GET, Route: /]
in APPPATH\Views\welcome_message.php on line 33.
 1 [internal function]: CodeIgniter\Debug\Exceptions->errorHandler(2, 'Constant FCPATH already defined', 'C:\\xampp\\htdocs\\Latihan_qgis\\app\\Views\\welcome_message.php', 33)
 2 APPPATH\Views\welcome_message.php(33): define('FCPATH', 'C:\\xampp\\htdocs\\Latihan_qgis\\app\\Views\\')
 3 SYSTEMPATH\View\View.php(240): include('C:\\xampp\\htdocs\\Latihan_qgis\\app\\Views\\welcome_message.php')
 4 SYSTEMPATH\View\View.php(243): CodeIgniter\View\View->CodeIgniter\View\{closure}()
 5 SYSTEMPATH\Common.php(1250): CodeIgniter\View\View->render('welcome_message', [], true)
 6 APPPATH\Controllers\Home.php(9): view('welcome_message')
 7 SYSTEMPATH\CodeIgniter.php(951): App\Controllers\Home->index()
 8 SYSTEMPATH\CodeIgniter.php(497): CodeIgniter\CodeIgniter->runController(Object(App\Controllers\Home))
 9 SYSTEMPATH\CodeIgniter.php(340): CodeIgniter\CodeIgniter->handleRequest(null, Object(Config\Cache), false)
10 SYSTEMPATH\Boot.php(417): CodeIgniter\CodeIgniter->run()
11 SYSTEMPATH\Boot.php(68): CodeIgniter\Boot::runCodeIgniter(Object(CodeIgniter\CodeIgniter))
12 FCPATH\index.php(59): CodeIgniter\Boot::bootWeb(Object(Config\Paths))
13 SYSTEMPATH\rewrite.php(44): require_once('C:\\xampp\\htdocs\\Latihan_qgis\\public\\index.php')
CRITICAL - 2026-04-21 08:17:19 --> ErrorException: Constant FCPATH already defined
[Method: GET, Route: /]
in APPPATH\Views\welcome_message.php on line 33.
 1 [internal function]: CodeIgniter\Debug\Exceptions->errorHandler(2, 'Constant FCPATH already defined', 'C:\\xampp\\htdocs\\Latihan_qgis\\app\\Views\\welcome_message.php', 33)
 2 APPPATH\Views\welcome_message.php(33): define('FCPATH', 'C:\\xampp\\htdocs\\Latihan_qgis\\app\\Views\\')
 3 SYSTEMPATH\View\View.php(240): include('C:\\xampp\\htdocs\\Latihan_qgis\\app\\Views\\welcome_message.php')
 4 SYSTEMPATH\View\View.php(243): CodeIgniter\View\View->CodeIgniter\View\{closure}()
 5 SYSTEMPATH\Common.php(1250): CodeIgniter\View\View->render('welcome_message', [], true)
 6 APPPATH\Controllers\Home.php(9): view('welcome_message')
 7 SYSTEMPATH\CodeIgniter.php(951): App\Controllers\Home->index()
 8 SYSTEMPATH\CodeIgniter.php(497): CodeIgniter\CodeIgniter->runController(Object(App\Controllers\Home))
 9 SYSTEMPATH\CodeIgniter.php(340): CodeIgniter\CodeIgniter->handleRequest(null, Object(Config\Cache), false)
10 SYSTEMPATH\Boot.php(417): CodeIgniter\CodeIgniter->run()
11 SYSTEMPATH\Boot.php(68): CodeIgniter\Boot::runCodeIgniter(Object(CodeIgniter\CodeIgniter))
12 FCPATH\index.php(59): CodeIgniter\Boot::bootWeb(Object(Config\Paths))
13 SYSTEMPATH\rewrite.php(44): require_once('C:\\xampp\\htdocs\\Latihan_qgis\\public\\index.php')
CRITICAL - 2026-04-21 08:24:37 --> ErrorException: Constant FCPATH already defined
[Method: GET, Route: /]
in APPPATH\Views\welcome_message.php on line 33.
 1 [internal function]: CodeIgniter\Debug\Exceptions->errorHandler(2, 'Constant FCPATH already defined', 'C:\\xampp\\htdocs\\Latihan_qgis\\app\\Views\\welcome_message.php', 33)
 2 APPPATH\Views\welcome_message.php(33): define('FCPATH', 'C:\\xampp\\htdocs\\Latihan_qgis\\app\\Views\\')
 3 SYSTEMPATH\View\View.php(240): include('C:\\xampp\\htdocs\\Latihan_qgis\\app\\Views\\welcome_message.php')
 4 SYSTEMPATH\View\View.php(243): CodeIgniter\View\View->CodeIgniter\View\{closure}()
 5 SYSTEMPATH\Common.php(1250): CodeIgniter\View\View->render('welcome_message', [], true)
 6 APPPATH\Controllers\Home.php(9): view('welcome_message')
 7 SYSTEMPATH\CodeIgniter.php(951): App\Controllers\Home->index()
 8 SYSTEMPATH\CodeIgniter.php(497): CodeIgniter\CodeIgniter->runController(Object(App\Controllers\Home))
 9 SYSTEMPATH\CodeIgniter.php(340): CodeIgniter\CodeIgniter->handleRequest(null, Object(Config\Cache), false)
10 SYSTEMPATH\Boot.php(417): CodeIgniter\CodeIgniter->run()
11 SYSTEMPATH\Boot.php(68): CodeIgniter\Boot::runCodeIgniter(Object(CodeIgniter\CodeIgniter))
12 FCPATH\index.php(59): CodeIgniter\Boot::bootWeb(Object(Config\Paths))
13 SYSTEMPATH\rewrite.php(44): require_once('C:\\xampp\\htdocs\\Latihan_qgis\\public\\index.php')
CRITICAL - 2026-04-21 08:24:43 --> ErrorException: Constant FCPATH already defined
[Method: GET, Route: /]
in APPPATH\Views\welcome_message.php on line 33.
 1 [internal function]: CodeIgniter\Debug\Exceptions->errorHandler(2, 'Constant FCPATH already defined', 'C:\\xampp\\htdocs\\Latihan_qgis\\app\\Views\\welcome_message.php', 33)
 2 APPPATH\Views\welcome_message.php(33): define('FCPATH', 'C:\\xampp\\htdocs\\Latihan_qgis\\app\\Views\\')
 3 SYSTEMPATH\View\View.php(240): include('C:\\xampp\\htdocs\\Latihan_qgis\\app\\Views\\welcome_message.php')
 4 SYSTEMPATH\View\View.php(243): CodeIgniter\View\View->CodeIgniter\View\{closure}()
 5 SYSTEMPATH\Common.php(1250): CodeIgniter\View\View->render('welcome_message', [], true)
 6 APPPATH\Controllers\Home.php(9): view('welcome_message')
 7 SYSTEMPATH\CodeIgniter.php(951): App\Controllers\Home->index()
 8 SYSTEMPATH\CodeIgniter.php(497): CodeIgniter\CodeIgniter->runController(Object(App\Controllers\Home))
 9 SYSTEMPATH\CodeIgniter.php(340): CodeIgniter\CodeIgniter->handleRequest(null, Object(Config\Cache), false)
10 SYSTEMPATH\Boot.php(417): CodeIgniter\CodeIgniter->run()
11 SYSTEMPATH\Boot.php(68): CodeIgniter\Boot::runCodeIgniter(Object(CodeIgniter\CodeIgniter))
12 FCPATH\index.php(59): CodeIgniter\Boot::bootWeb(Object(Config\Paths))
13 SYSTEMPATH\rewrite.php(44): require_once('C:\\xampp\\htdocs\\Latihan_qgis\\public\\index.php')
CRITICAL - 2026-04-21 08:24:44 --> ErrorException: Constant FCPATH already defined
[Method: GET, Route: /]
in APPPATH\Views\welcome_message.php on line 33.
 1 [internal function]: CodeIgniter\Debug\Exceptions->errorHandler(2, 'Constant FCPATH already defined', 'C:\\xampp\\htdocs\\Latihan_qgis\\app\\Views\\welcome_message.php', 33)
 2 APPPATH\Views\welcome_message.php(33): define('FCPATH', 'C:\\xampp\\htdocs\\Latihan_qgis\\app\\Views\\')
 3 SYSTEMPATH\View\View.php(240): include('C:\\xampp\\htdocs\\Latihan_qgis\\app\\Views\\welcome_message.php')
 4 SYSTEMPATH\View\View.php(243): CodeIgniter\View\View->CodeIgniter\View\{closure}()
 5 SYSTEMPATH\Common.php(1250): CodeIgniter\View\View->render('welcome_message', [], true)
 6 APPPATH\Controllers\Home.php(9): view('welcome_message')
 7 SYSTEMPATH\CodeIgniter.php(951): App\Controllers\Home->index()
 8 SYSTEMPATH\CodeIgniter.php(497): CodeIgniter\CodeIgniter->runController(Object(App\Controllers\Home))
 9 SYSTEMPATH\CodeIgniter.php(340): CodeIgniter\CodeIgniter->handleRequest(null, Object(Config\Cache), false)
10 SYSTEMPATH\Boot.php(417): CodeIgniter\CodeIgniter->run()
11 SYSTEMPATH\Boot.php(68): CodeIgniter\Boot::runCodeIgniter(Object(CodeIgniter\CodeIgniter))
12 FCPATH\index.php(59): CodeIgniter\Boot::bootWeb(Object(Config\Paths))
13 SYSTEMPATH\rewrite.php(44): require_once('C:\\xampp\\htdocs\\Latihan_qgis\\public\\index.php')
CRITICAL - 2026-04-21 08:24:44 --> ErrorException: Constant FCPATH already defined
[Method: GET, Route: /]
in APPPATH\Views\welcome_message.php on line 33.
 1 [internal function]: CodeIgniter\Debug\Exceptions->errorHandler(2, 'Constant FCPATH already defined', 'C:\\xampp\\htdocs\\Latihan_qgis\\app\\Views\\welcome_message.php', 33)
 2 APPPATH\Views\welcome_message.php(33): define('FCPATH', 'C:\\xampp\\htdocs\\Latihan_qgis\\app\\Views\\')
 3 SYSTEMPATH\View\View.php(240): include('C:\\xampp\\htdocs\\Latihan_qgis\\app\\Views\\welcome_message.php')
 4 SYSTEMPATH\View\View.php(243): CodeIgniter\View\View->CodeIgniter\View\{closure}()
 5 SYSTEMPATH\Common.php(1250): CodeIgniter\View\View->render('welcome_message', [], true)
 6 APPPATH\Controllers\Home.php(9): view('welcome_message')
 7 SYSTEMPATH\CodeIgniter.php(951): App\Controllers\Home->index()
 8 SYSTEMPATH\CodeIgniter.php(497): CodeIgniter\CodeIgniter->runController(Object(App\Controllers\Home))
 9 SYSTEMPATH\CodeIgniter.php(340): CodeIgniter\CodeIgniter->handleRequest(null, Object(Config\Cache), false)
10 SYSTEMPATH\Boot.php(417): CodeIgniter\CodeIgniter->run()
11 SYSTEMPATH\Boot.php(68): CodeIgniter\Boot::runCodeIgniter(Object(CodeIgniter\CodeIgniter))
12 FCPATH\index.php(59): CodeIgniter\Boot::bootWeb(Object(Config\Paths))
13 SYSTEMPATH\rewrite.php(44): require_once('C:\\xampp\\htdocs\\Latihan_qgis\\public\\index.php')
CRITICAL - 2026-04-21 08:24:45 --> ErrorException: Constant FCPATH already defined
[Method: GET, Route: /]
in APPPATH\Views\welcome_message.php on line 33.
 1 [internal function]: CodeIgniter\Debug\Exceptions->errorHandler(2, 'Constant FCPATH already defined', 'C:\\xampp\\htdocs\\Latihan_qgis\\app\\Views\\welcome_message.php', 33)
 2 APPPATH\Views\welcome_message.php(33): define('FCPATH', 'C:\\xampp\\htdocs\\Latihan_qgis\\app\\Views\\')
 3 SYSTEMPATH\View\View.php(240): include('C:\\xampp\\htdocs\\Latihan_qgis\\app\\Views\\welcome_message.php')
 4 SYSTEMPATH\View\View.php(243): CodeIgniter\View\View->CodeIgniter\View\{closure}()
 5 SYSTEMPATH\Common.php(1250): CodeIgniter\View\View->render('welcome_message', [], true)
 6 APPPATH\Controllers\Home.php(9): view('welcome_message')
 7 SYSTEMPATH\CodeIgniter.php(951): App\Controllers\Home->index()
 8 SYSTEMPATH\CodeIgniter.php(497): CodeIgniter\CodeIgniter->runController(Object(App\Controllers\Home))
 9 SYSTEMPATH\CodeIgniter.php(340): CodeIgniter\CodeIgniter->handleRequest(null, Object(Config\Cache), false)
10 SYSTEMPATH\Boot.php(417): CodeIgniter\CodeIgniter->run()
11 SYSTEMPATH\Boot.php(68): CodeIgniter\Boot::runCodeIgniter(Object(CodeIgniter\CodeIgniter))
12 FCPATH\index.php(59): CodeIgniter\Boot::bootWeb(Object(Config\Paths))
13 SYSTEMPATH\rewrite.php(44): require_once('C:\\xampp\\htdocs\\Latihan_qgis\\public\\index.php')
CRITICAL - 2026-04-21 08:24:45 --> ErrorException: Constant FCPATH already defined
[Method: GET, Route: /]
in APPPATH\Views\welcome_message.php on line 33.
 1 [internal function]: CodeIgniter\Debug\Exceptions->errorHandler(2, 'Constant FCPATH already defined', 'C:\\xampp\\htdocs\\Latihan_qgis\\app\\Views\\welcome_message.php', 33)
 2 APPPATH\Views\welcome_message.php(33): define('FCPATH', 'C:\\xampp\\htdocs\\Latihan_qgis\\app\\Views\\')
 3 SYSTEMPATH\View\View.php(240): include('C:\\xampp\\htdocs\\Latihan_qgis\\app\\Views\\welcome_message.php')
 4 SYSTEMPATH\View\View.php(243): CodeIgniter\View\View->CodeIgniter\View\{closure}()
 5 SYSTEMPATH\Common.php(1250): CodeIgniter\View\View->render('welcome_message', [], true)
 6 APPPATH\Controllers\Home.php(9): view('welcome_message')
 7 SYSTEMPATH\CodeIgniter.php(951): App\Controllers\Home->index()
 8 SYSTEMPATH\CodeIgniter.php(497): CodeIgniter\CodeIgniter->runController(Object(App\Controllers\Home))
 9 SYSTEMPATH\CodeIgniter.php(340): CodeIgniter\CodeIgniter->handleRequest(null, Object(Config\Cache), false)
10 SYSTEMPATH\Boot.php(417): CodeIgniter\CodeIgniter->run()
11 SYSTEMPATH\Boot.php(68): CodeIgniter\Boot::runCodeIgniter(Object(CodeIgniter\CodeIgniter))
12 FCPATH\index.php(59): CodeIgniter\Boot::bootWeb(Object(Config\Paths))
13 SYSTEMPATH\rewrite.php(44): require_once('C:\\xampp\\htdocs\\Latihan_qgis\\public\\index.php')
CRITICAL - 2026-04-21 08:24:45 --> ErrorException: Constant FCPATH already defined
[Method: GET, Route: /]
in APPPATH\Views\welcome_message.php on line 33.
 1 [internal function]: CodeIgniter\Debug\Exceptions->errorHandler(2, 'Constant FCPATH already defined', 'C:\\xampp\\htdocs\\Latihan_qgis\\app\\Views\\welcome_message.php', 33)
 2 APPPATH\Views\welcome_message.php(33): define('FCPATH', 'C:\\xampp\\htdocs\\Latihan_qgis\\app\\Views\\')
 3 SYSTEMPATH\View\View.php(240): include('C:\\xampp\\htdocs\\Latihan_qgis\\app\\Views\\welcome_message.php')
 4 SYSTEMPATH\View\View.php(243): CodeIgniter\View\View->CodeIgniter\View\{closure}()
 5 SYSTEMPATH\Common.php(1250): CodeIgniter\View\View->render('welcome_message', [], true)
 6 APPPATH\Controllers\Home.php(9): view('welcome_message')
 7 SYSTEMPATH\CodeIgniter.php(951): App\Controllers\Home->index()
 8 SYSTEMPATH\CodeIgniter.php(497): CodeIgniter\CodeIgniter->runController(Object(App\Controllers\Home))
 9 SYSTEMPATH\CodeIgniter.php(340): CodeIgniter\CodeIgniter->handleRequest(null, Object(Config\Cache), false)
10 SYSTEMPATH\Boot.php(417): CodeIgniter\CodeIgniter->run()
11 SYSTEMPATH\Boot.php(68): CodeIgniter\Boot::runCodeIgniter(Object(CodeIgniter\CodeIgniter))
12 FCPATH\index.php(59): CodeIgniter\Boot::bootWeb(Object(Config\Paths))
13 SYSTEMPATH\rewrite.php(44): require_once('C:\\xampp\\htdocs\\Latihan_qgis\\public\\index.php')
CRITICAL - 2026-04-21 08:24:45 --> ErrorException: Constant FCPATH already defined
[Method: GET, Route: /]
in APPPATH\Views\welcome_message.php on line 33.
 1 [internal function]: CodeIgniter\Debug\Exceptions->errorHandler(2, 'Constant FCPATH already defined', 'C:\\xampp\\htdocs\\Latihan_qgis\\app\\Views\\welcome_message.php', 33)
 2 APPPATH\Views\welcome_message.php(33): define('FCPATH', 'C:\\xampp\\htdocs\\Latihan_qgis\\app\\Views\\')
 3 SYSTEMPATH\View\View.php(240): include('C:\\xampp\\htdocs\\Latihan_qgis\\app\\Views\\welcome_message.php')
 4 SYSTEMPATH\View\View.php(243): CodeIgniter\View\View->CodeIgniter\View\{closure}()
 5 SYSTEMPATH\Common.php(1250): CodeIgniter\View\View->render('welcome_message', [], true)
 6 APPPATH\Controllers\Home.php(9): view('welcome_message')
 7 SYSTEMPATH\CodeIgniter.php(951): App\Controllers\Home->index()
 8 SYSTEMPATH\CodeIgniter.php(497): CodeIgniter\CodeIgniter->runController(Object(App\Controllers\Home))
 9 SYSTEMPATH\CodeIgniter.php(340): CodeIgniter\CodeIgniter->handleRequest(null, Object(Config\Cache), false)
10 SYSTEMPATH\Boot.php(417): CodeIgniter\CodeIgniter->run()
11 SYSTEMPATH\Boot.php(68): CodeIgniter\Boot::runCodeIgniter(Object(CodeIgniter\CodeIgniter))
12 FCPATH\index.php(59): CodeIgniter\Boot::bootWeb(Object(Config\Paths))
13 SYSTEMPATH\rewrite.php(44): require_once('C:\\xampp\\htdocs\\Latihan_qgis\\public\\index.php')
CRITICAL - 2026-04-21 08:24:46 --> ErrorException: Constant FCPATH already defined
[Method: GET, Route: /]
in APPPATH\Views\welcome_message.php on line 33.
 1 [internal function]: CodeIgniter\Debug\Exceptions->errorHandler(2, 'Constant FCPATH already defined', 'C:\\xampp\\htdocs\\Latihan_qgis\\app\\Views\\welcome_message.php', 33)
 2 APPPATH\Views\welcome_message.php(33): define('FCPATH', 'C:\\xampp\\htdocs\\Latihan_qgis\\app\\Views\\')
 3 SYSTEMPATH\View\View.php(240): include('C:\\xampp\\htdocs\\Latihan_qgis\\app\\Views\\welcome_message.php')
 4 SYSTEMPATH\View\View.php(243): CodeIgniter\View\View->CodeIgniter\View\{closure}()
 5 SYSTEMPATH\Common.php(1250): CodeIgniter\View\View->render('welcome_message', [], true)
 6 APPPATH\Controllers\Home.php(9): view('welcome_message')
 7 SYSTEMPATH\CodeIgniter.php(951): App\Controllers\Home->index()
 8 SYSTEMPATH\CodeIgniter.php(497): CodeIgniter\CodeIgniter->runController(Object(App\Controllers\Home))
 9 SYSTEMPATH\CodeIgniter.php(340): CodeIgniter\CodeIgniter->handleRequest(null, Object(Config\Cache), false)
10 SYSTEMPATH\Boot.php(417): CodeIgniter\CodeIgniter->run()
11 SYSTEMPATH\Boot.php(68): CodeIgniter\Boot::runCodeIgniter(Object(CodeIgniter\CodeIgniter))
12 FCPATH\index.php(59): CodeIgniter\Boot::bootWeb(Object(Config\Paths))
13 SYSTEMPATH\rewrite.php(44): require_once('C:\\xampp\\htdocs\\Latihan_qgis\\public\\index.php')
CRITICAL - 2026-04-21 08:25:25 --> ErrorException: Constant FCPATH already defined
[Method: GET, Route: /]
in APPPATH\Views\welcome_message.php on line 33.
 1 [internal function]: CodeIgniter\Debug\Exceptions->errorHandler(2, 'Constant FCPATH already defined', 'C:\\xampp\\htdocs\\Latihan_qgis\\app\\Views\\welcome_message.php', 33)
 2 APPPATH\Views\welcome_message.php(33): define('FCPATH', 'C:\\xampp\\htdocs\\Latihan_qgis\\app\\Views\\')
 3 SYSTEMPATH\View\View.php(240): include('C:\\xampp\\htdocs\\Latihan_qgis\\app\\Views\\welcome_message.php')
 4 SYSTEMPATH\View\View.php(243): CodeIgniter\View\View->CodeIgniter\View\{closure}()
 5 SYSTEMPATH\Common.php(1250): CodeIgniter\View\View->render('welcome_message', [], true)
 6 APPPATH\Controllers\Home.php(9): view('welcome_message')
 7 SYSTEMPATH\CodeIgniter.php(951): App\Controllers\Home->index()
 8 SYSTEMPATH\CodeIgniter.php(497): CodeIgniter\CodeIgniter->runController(Object(App\Controllers\Home))
 9 SYSTEMPATH\CodeIgniter.php(340): CodeIgniter\CodeIgniter->handleRequest(null, Object(Config\Cache), false)
10 SYSTEMPATH\Boot.php(417): CodeIgniter\CodeIgniter->run()
11 SYSTEMPATH\Boot.php(68): CodeIgniter\Boot::runCodeIgniter(Object(CodeIgniter\CodeIgniter))
12 FCPATH\index.php(59): CodeIgniter\Boot::bootWeb(Object(Config\Paths))
13 SYSTEMPATH\rewrite.php(44): require_once('C:\\xampp\\htdocs\\Latihan_qgis\\public\\index.php')
CRITICAL - 2026-04-21 08:33:29 --> ErrorException: Cannot declare class Config\Paths, because the name is already in use
[Method: GET, Route: /]
in APPPATH\Config\Paths.php on line 19.
 1 [internal function]: CodeIgniter\Debug\Exceptions->shutdownHandler()
CRITICAL - 2026-04-21 08:33:30 --> ErrorException: Cannot declare class Config\Paths, because the name is already in use
[Method: GET, Route: /]
in APPPATH\Config\Paths.php on line 19.
 1 [internal function]: CodeIgniter\Debug\Exceptions->shutdownHandler()
CRITICAL - 2026-04-21 08:33:31 --> ErrorException: Cannot declare class Config\Paths, because the name is already in use
[Method: GET, Route: /]
in APPPATH\Config\Paths.php on line 19.
 1 [internal function]: CodeIgniter\Debug\Exceptions->shutdownHandler()
CRITICAL - 2026-04-21 08:34:58 --> ParseError: syntax error, unexpected identifier "header", expecting "{"
[Method: GET, Route: /]
in APPPATH\Views\welcome_message.php on line 20.
 1 SYSTEMPATH\View\View.php(243): CodeIgniter\View\View->CodeIgniter\View\{closure}()
 2 SYSTEMPATH\Common.php(1250): CodeIgniter\View\View->render('welcome_message', [], true)
 3 APPPATH\Controllers\Home.php(9): view('welcome_message')
 4 SYSTEMPATH\CodeIgniter.php(951): App\Controllers\Home->index()
 5 SYSTEMPATH\CodeIgniter.php(497): CodeIgniter\CodeIgniter->runController(Object(App\Controllers\Home))
 6 SYSTEMPATH\CodeIgniter.php(340): CodeIgniter\CodeIgniter->handleRequest(null, Object(Config\Cache), false)
 7 SYSTEMPATH\Boot.php(417): CodeIgniter\CodeIgniter->run()
 8 SYSTEMPATH\Boot.php(68): CodeIgniter\Boot::runCodeIgniter(Object(CodeIgniter\CodeIgniter))
 9 FCPATH\index.php(59): CodeIgniter\Boot::bootWeb(Object(Config\Paths))
10 SYSTEMPATH\rewrite.php(44): require_once('C:\\xampp\\htdocs\\Latihan_qgis\\public\\index.php')
